Started HTTP and WebSocket JSON-RPC server at http://0.0.0.0:8545/

Accounts
========

WARNING: These accounts, and their private keys, are publicly known.
Any funds sent to them on Mainnet or any other live network WILL BE LOST.

Account #0: 0xf39Fd6e51aad88F6F4ce6aB8827279cffFb92266 (10000 ETH)
Private Key: 0xac0974bec39a17e36ba4a6b4d238ff944bacb478cbed5efcae784d7bf4f2ff80

Account #1: 0x70997970C51812dc3A010C7d01b50e0d17dc79C8 (10000 ETH)
Private Key: 0x59c6995e998f97a5a0044966f0945389dc9e86dae88c7a8412f4603b6b78690d

Account #2: 0x3C44CdDdB6a900fa2b585dd299e03d12FA4293BC (10000 ETH)
Private Key: 0x5de4111afa1a4b94908f83103eb1f1706367c2e68ca870fc3fb9a804cdab365a

Account #3: 0x90F79bf6EB2c4f870365E785982E1f101E93b906 (10000 ETH)
Private Key: 0x7c852118294e51e653712a81e05800f419141751be58f605c371e15141b007a6

Account #4: 0x15d34AAf54267DB7D7c367839AAf71A00a2C6A65 (10000 ETH)
Private Key: 0x47e179ec197488593b187f80a00eb0da91f1b9d0b13f8733639f19c30a34926a

Account #5: 0x9965507D1a55bcC2695C58ba16FB37d819B0A4dc (10000 ETH)
Private Key: 0x8b3a350cf5c34c9194ca85829a2df0ec3153be0318b5e2d3348e872092edffba

Account #6: 0x976EA74026E726554dB657fA54763abd0C3a0aa9 (10000 ETH)
Private Key: 0x92db14e403b83dfe3df233f83dfa3a0d7096f21ca9b0d6d6b8d88b2b4ec1564e

Account #7: 0x14dC79964da2C08b23698B3D3cc7Ca32193d9955 (10000 ETH)
Private Key: 0x4bbbf85ce3377467afe5d46f804f221813b2bb87f24d81f60f1fcdbf7cbf4356

Account #8: 0x23618e81E3f5cdF7f54C3d65f7FBc0aBf5B21E8f (10000 ETH)
Private Key: 0xdbda1821b80551c9d65939329250298aa3472ba22feea921c0cf5d620ea67b97

Account #9: 0xa0Ee7A142d267C1f36714E4a8F75612F20a79720 (10000 ETH)
Private Key: 0x2a871d0798f97d79848a013d4936a73bf4cc922c825d33c1cf7073dff6d409c6

Account #10: 0xBcd4042DE499D14e55001CcbB24a551F3b954096 (10000 ETH)
Private Key: 0xf214f2b2cd398c806f84e317254e0f0b801d0643303237d97a22a48e01628897

Account #11: 0x71bE63f3384f5fb98995898A86B02Fb2426c5788 (10000 ETH)
Private Key: 0x701b615bbdfb9de65240bc28bd21bbc0d996645a3dd57e7b12bc2bdf6f192c82

Account #12: 0xFABB0ac9d68B0B445fB7357272Ff202C5651694a (10000 ETH)
Private Key: 0xa267530f49f8280200edf313ee7af6b827f2a8bce2897751d06a843f644967b1

Account #13: 0x1CBd3b2770909D4e10f157cABC84C7264073C9Ec (10000 ETH)
Private Key: 0x47c99abed3324a2707c28affff1267e45918ec8c3f20b8aa892e8b065d2942dd

Account #14: 0xdF3e18d64BC6A983f673Ab319CCaE4f1a57C7097 (10000 ETH)
Private Key: 0xc526ee95bf44d8fc405a158bb884d9d1238d99f0612e9f33d006bb0789009aaa

Account #15: 0xcd3B766CCDd6AE721141F452C550Ca635964ce71 (10000 ETH)
Private Key: 0x8166f546bab6da521a8369cab06c5d2b9e46670292d85c875ee9ec20e84ffb61

Account #16: 0x2546BcD3c84621e976D8185a91A922aE77ECEc30 (10000 ETH)
Private Key: 0xea6c44ac03bff858b476bba40716402b03e41b8e97e276d1baec7c37d42484a0

Account #17: 0xbDA5747bFD65F08deb54cb465eB87D40e51B197E (10000 ETH)
Private Key: 0x689af8efa8c651a91ad287602527f3af2fe9f6501a7ac4b061667b5a93e037fd

Account #18: 0xdD2FD4581271e230360230F9337D5c0430Bf44C0 (10000 ETH)
Private Key: 0xde9be858da4a475276426320d5e9262ecfc3ba460bfac56360bfa6c4c28b4ee0

Account #19: 0x8626f6940E2eb28930eFb4CeF49B2d1F2C9C1199 (10000 ETH)
Private Key: 0xdf57089febbacf7ba0bc227dafbffa9fc08a93fdc68e1e42411a14efcf23656e

WARNING: These accounts, and their private keys, are publicly known.
Any funds sent to them on Mainnet or any other live network WILL BE LOST.

[32meth_accounts[0m
[32meth_chainId[0m
[32meth_chainId (2)[0m
[32meth_getBalance[0m
[32meth_accounts[0m
[32meth_chainId[0m
[32meth_chainId (2)[0m
[32meth_getBalance[0m
[32meth_accounts[0m
[32meth_blockNumber[0m
[32meth_chainId[0m
[32meth_chainId (2)[0m
[32meth_estimateGas[0m
[32meth_getBlockByNumber[0m
[32meth_feeHistory[0m
[32meth_maxPriorityFeePerGas[0m
[32meth_sendTransaction[0m
  Contract deployment: AIDecisionLogger
  Contract address:    0x5fbdb2315678afecb367f032d93f642f64180aa3
  Transaction:         0xe48fa7d5d16fd39a53788d1295f3474dd99f38be994b80ee148976f85b0b33a4
  From:                0xf39fd6e51aad88f6f4ce6ab8827279cfffb92266
  Value:               0 ETH
  Gas used:            1952828 of 1952828
  Block #1:            0x366703377731b444e0f28c2deb7567d7aee28cd29a61aa859cd92019923e3472

[32meth_chainId[0m
[32meth_getTransactionByHash[0m
[32meth_accounts[0m
[32meth_chainId[0m
[32meth_chainId (2)[0m
[32meth_getBalance[0m
[32meth_accounts[0m
[32meth_blockNumber[0m
[32meth_chainId[0m
[32meth_chainId (2)[0m
[32meth_estimateGas[0m
[32meth_getBlockByNumber[0m
[32meth_feeHistory[0m
[32meth_sendTransaction[0m
  Contract deployment: AIDecisionLogger
  Contract address:    0xe7f1725e7734ce288f8367e1bb143e90bb3f0512
  Transaction:         0xa3a4e060ab1849997ec1e240a66afabd6a81fa50412d7b2a18470dc263720aea
  From:                0xf39fd6e51aad88f6f4ce6ab8827279cfffb92266
  Value:               0 ETH
  Gas used:            1952828 of 1952828
  Block #2:            0x8af9c1342cc995743ba75138b1ef28b08f3863f13697555b8ef329aae50745ec

[32meth_chainId[0m
[32meth_getTransactionByHash[0m
[32meth_chainId[0m
[32meth_getTransactionReceipt[0m
[32meth_accounts[0m
[32meth_chainId[0m
[32meth_estimateGas[0m
[32meth_feeHistory[0m
[32meth_sendTransaction[0m
  Contract deployment: AEGISToken
  Contract address:    0x9fe46736679d2d9a65f0992f2272de9f3c7fa6e0
  Transaction:         0x5d28dee3db26fd6b5442c49ed912c2efb270b02ff8890fac6cabb70aa6fae7b2
  From:                0xf39fd6e51aad88f6f4ce6ab8827279cfffb92266
  Value:               0 ETH
  Gas used:            2065344 of 2065344
  Block #3:            0x124c77e0dfde72552ed07c2fc00254985864f55d69bebff35240cfaef0a0b349

[32meth_chainId[0m
[32meth_getTransactionByHash[0m
[32meth_chainId[0m
[32meth_getTransactionReceipt[0m
[32meth_accounts[0m
[32meth_accounts (2)[0m
[32meth_chainId[0m
[32meth_chainId (2)[0m
[32meth_getBalance[0m
[32meth_accounts[0m
[32meth_blockNumber[0m
[32meth_chainId[0m
[32meth_chainId (2)[0m
[32meth_estimateGas[0m
[32meth_getBlockByNumber[0m
[32meth_feeHistory[0m
[32meth_sendTransaction[0m
  Contract deployment: AIDecisionLogger
  Contract address:    0xcf7ed3acca5a467e9e704c703e8d87f634fb0fc9
  Transaction:         0x19f858504d47deb01722c9e6efd6ae533bf7db14579e374082635367e13e02c0
  From:                0xf39fd6e51aad88f6f4ce6ab8827279cfffb92266
  Value:               0 ETH
  Gas used:            1952828 of 1952828
  Block #4:            0xeb577c014c74a062c039cf92c8dd667a895c08628dd8e918489a5b3b08b494f0

[32meth_chainId[0m
[32meth_getTransactionByHash[0m
[32meth_chainId[0m
[32meth_getTransactionReceipt[0m
[32meth_accounts[0m
[32meth_chainId[0m
[32meth_estimateGas[0m
[32meth_feeHistory[0m
[32meth_sendTransaction[0m
  Contract deployment: AEGISToken
  Contract address:    0xdc64a140aa3e981100a9beca4e685f962f0cf6c9
  Transaction:         0xcdde7159ac451fd6d567eb5064b45aa044c2679cdfb208cb28d766894fb390b9
  From:                0xf39fd6e51aad88f6f4ce6ab8827279cfffb92266
  Value:               0 ETH
  Gas used:            2065344 of 2065344
  Block #5:            0x876aa2698d2b221dc188b79db800c7ec0980adb61dec60d98d1c01135c995687

[32meth_chainId[0m
[32meth_getTransactionByHash[0m
[32meth_chainId[0m
[32meth_getTransactionReceipt[0m
[32meth_accounts[0m
[32meth_chainId[0m
[32meth_estimateGas[0m
[32meth_feeHistory[0m
[32meth_sendTransaction[0m
  Contract deployment: GovernanceVoting
  Contract address:    0x5fc8d32690cc91d4c39d9d3abcbd16989f875707
  Transaction:         0xde07feb7e06dbda6ee976a1b6cde6dd8e6a8059bbbfed7ac108448a2af1ce868
  From:                0xf39fd6e51aad88f6f4ce6ab8827279cfffb92266
  Value:               0 ETH
  Gas used:            2305356 of 2305356
  Block #6:            0xdb5b27274ea1075cce74aacb76a5cf882c5ea84ca4d32cf65b243febcbd90ed0

[32meth_chainId[0m
[32meth_getTransactionByHash[0m
[32meth_chainId[0m
[32meth_getTransactionReceipt[0m
[32meth_accounts[0m
[32meth_chainId[0m
[32meth_estimateGas[0m
[32meth_feeHistory[0m
[32meth_sendTransaction[0m
  Contract deployment: JabulonCoin
  Contract address:    0x0165878a594ca255338adfa4d48449f69242eb8f
  Transaction:         0x5e23214981368b649786188c3199a24168829f71bc117026981f164cce5d505a
  From:                0xf39fd6e51aad88f6f4ce6ab8827279cfffb92266
  Value:               0 ETH
  Gas used:            1959508 of 1959508
  Block #7:            0x481a883764eaa2ec47d192c7015a0a258461d776fc1ceef689012ca519e2535b

[32meth_chainId[0m
[32meth_getTransactionByHash[0m
[32meth_chainId[0m
[32meth_getTransactionReceipt[0m
[32meth_chainId[0m
[32meth_estimateGas[0m
[32meth_feeHistory[0m
[32meth_sendTransaction[0m
  Contract call:       JabulonCoin#setAEGISTokenAddress
  Transaction:         0x6a8106afafba4972f129067368cf787fa0dde7f0e16bd8e46e187f01253a8bb6
  From:                0xf39fd6e51aad88f6f4ce6ab8827279cfffb92266
  To:                  0x0165878a594ca255338adfa4d48449f69242eb8f
  Value:               0 ETH
  Gas used:            46344 of 46344
  Block #8:            0xf0a8b2cd84ce0623b6f75f2f74369ea1cb5224891f995f2c7e279fa3a1392ffb

[32meth_chainId[0m
[32meth_getTransactionByHash[0m
[32meth_chainId[0m
[32meth_call[0m
  Contract call:       AEGISToken#totalSupply
  From:                0xf39fd6e51aad88f6f4ce6ab8827279cfffb92266
  To:                  0xdc64a140aa3e981100a9beca4e685f962f0cf6c9

[32meth_chainId[0m
[32meth_call[0m
  Contract call:       JabulonCoin#totalSupply
  From:                0xf39fd6e51aad88f6f4ce6ab8827279cfffb92266
  To:                  0x0165878a594ca255338adfa4d48449f69242eb8f

[32meth_chainId[0m
[32meth_accounts[0m
[32meth_chainId[0m
[32meth_getBalance[0m
[32meth_accounts[0m
[32meth_blockNumber[0m
[32meth_chainId[0m
[32meth_chainId (2)[0m
[32meth_estimateGas[0m
[32meth_getBlockByNumber[0m
[32meth_feeHistory[0m
[32meth_sendTransaction[0m
  Contract deployment: AIDecisionLogger
  Contract address:    0x2279b7a0a67db372996a5fab50d91eaa73d2ebe6
  Transaction:         0x079f6d055418286a56f0dd54f8d9e4d5942ff88c7cb9dfa016f2fefe036eede1
  From:                0xf39fd6e51aad88f6f4ce6ab8827279cfffb92266
  Value:               0 ETH
  Gas used:            1952828 of 1952828
  Block #9:            0xdf3cbde2e546507c4a126d13deec5abc9897b53b821f89399c1e702e892e3032

[32meth_chainId[0m
[32meth_getTransactionByHash[0m
[32meth_chainId[0m
[32meth_getTransactionReceipt[0m
[32meth_accounts[0m
[32meth_chainId[0m
[32meth_estimateGas[0m
[32meth_feeHistory[0m
[32meth_sendTransaction[0m
  Contract deployment: AEGISToken
  Contract address:    0x8a791620dd6260079bf849dc5567adc3f2fdc318
  Transaction:         0x9c8d875769a43278d4b6e216392adf4e3e27f8500987257fbaba858f96e73ac3
  From:                0xf39fd6e51aad88f6f4ce6ab8827279cfffb92266
  Value:               0 ETH
  Gas used:            2065344 of 2065344
  Block #10:           0xa310e0f318c9720284124de8924d68790551c7cd3ebda86ee531a390abe56afa

[32meth_chainId[0m
[32meth_getTransactionByHash[0m
[32meth_chainId[0m
[32meth_getTransactionReceipt[0m
[32meth_accounts[0m
[32meth_chainId[0m
[32meth_estimateGas[0m
[32meth_feeHistory[0m
[32meth_sendTransaction[0m
  Contract deployment: GovernanceVoting
  Contract address:    0x610178da211fef7d417bc0e6fed39f05609ad788
  Transaction:         0xc9680f7d843562bf7e357707946fc12c484f8091f56e82c307d80e179e91c218
  From:                0xf39fd6e51aad88f6f4ce6ab8827279cfffb92266
  Value:               0 ETH
  Gas used:            2305356 of 2305356
  Block #11:           0x44052d90bc5ef17ed46cd7b1ec59703b19295b8fac8b4b87bbe06f958e9f9106

[32meth_chainId[0m
[32meth_getTransactionByHash[0m
[32meth_chainId[0m
[32meth_getTransactionReceipt[0m
[32meth_accounts[0m
[32meth_chainId[0m
[32meth_estimateGas[0m
[32meth_feeHistory[0m
[32meth_sendTransaction[0m
  Contract deployment: JabulonCoin
  Contract address:    0xb7f8bc63bbcad18155201308c8f3540b07f84f5e
  Transaction:         0x2d0abbc410bb26aa3969afc5b9a8f049958a67d348ad46f9d93177f0826ec93b
  From:                0xf39fd6e51aad88f6f4ce6ab8827279cfffb92266
  Value:               0 ETH
  Gas used:            1959508 of 1959508
  Block #12:           0x0261e474419bb43c5f0934db3e17cce09fd85fcef122d221a46f9e02f8380e10

[32meth_chainId[0m
[32meth_getTransactionByHash[0m
[32meth_chainId[0m
[32meth_getTransactionReceipt[0m
[32meth_chainId[0m
[32meth_estimateGas[0m
[32meth_feeHistory[0m
[32meth_sendTransaction[0m
  Contract call:       JabulonCoin#setAEGISTokenAddress
  Transaction:         0xd0e6ede0e970375a91a0d2ce4edd08335eff9cb6ab545204e8e641aef0c588d4
  From:                0xf39fd6e51aad88f6f4ce6ab8827279cfffb92266
  To:                  0xb7f8bc63bbcad18155201308c8f3540b07f84f5e
  Value:               0 ETH
  Gas used:            46356 of 46356
  Block #13:           0x97eff725d4a5f790a204ff3ff86e328956741bfbef07b6ba57153d81fd6f9bf4

[32meth_chainId[0m
[32meth_getTransactionByHash[0m
[32meth_chainId[0m
[32meth_call[0m
  Contract call:       AEGISToken#totalSupply
  From:                0xf39fd6e51aad88f6f4ce6ab8827279cfffb92266
  To:                  0x8a791620dd6260079bf849dc5567adc3f2fdc318

[32meth_chainId[0m
[32meth_call[0m
  Contract call:       JabulonCoin#totalSupply
  From:                0xf39fd6e51aad88f6f4ce6ab8827279cfffb92266
  To:                  0xb7f8bc63bbcad18155201308c8f3540b07f84f5e

[32meth_chainId[0m
[32meth_call[0m
  Contract call:       AIDecisionLogger#LOGGER_ROLE
  From:                0xf39fd6e51aad88f6f4ce6ab8827279cfffb92266
  To:                  0x2279b7a0a67db372996a5fab50d91eaa73d2ebe6

[32meth_chainId[0m
[32meth_estimateGas[0m
[32meth_feeHistory[0m
[32meth_sendTransaction[0m
  Contract call:       AIDecisionLogger#grantRole
  Transaction:         0xf5885457dc2a721edbe47ca4268eaf4d6749ccdaadae6b575928c2d6cf198658
  From:                0xf39fd6e51aad88f6f4ce6ab8827279cfffb92266
  To:                  0x2279b7a0a67db372996a5fab50d91eaa73d2ebe6
  Value:               0 ETH
  Gas used:            29278 of 29278
  Block #14:           0x5966ef91fcb4c527f3882af122f66d622aa9e6cc9ae1790248635b98e6f46cb0

[32meth_chainId[0m
[32meth_getTransactionByHash[0m
[32meth_chainId[0m
[32meth_estimateGas[0m
[32meth_feeHistory[0m
[32meth_sendTransaction[0m
  Contract call:       AIDecisionLogger#logDecision
  Transaction:         0xe69ecaf6989e23f880e96a0fa0582eae955e749a7b79369cc0e14da3c0ee2228
  From:                0xf39fd6e51aad88f6f4ce6ab8827279cfffb92266
  To:                  0x2279b7a0a67db372996a5fab50d91eaa73d2ebe6
  Value:               0 ETH
  Gas used:            195067 of 200400
  Block #15:           0xd6fc09fdd6731e19a3034d448a739bb36193c4e4921efbf50cd2ca4e8e39b25d

[32meth_chainId[0m
[32meth_getTransactionByHash[0m
[32meth_chainId[0m
[32meth_getTransactionReceipt[0m
[32meth_chainId[0m
[32meth_call[0m
  Contract call:       AIDecisionLogger#getStatistics
  From:                0xf39fd6e51aad88f6f4ce6ab8827279cfffb92266
  To:                  0x2279b7a0a67db372996a5fab50d91eaa73d2ebe6

[32meth_accounts[0m
[32meth_chainId[0m
[32meth_chainId (2)[0m
[32meth_getBalance[0m
[32meth_accounts[0m
[32meth_blockNumber[0m
[32meth_chainId[0m
[32meth_chainId (2)[0m
[32meth_estimateGas[0m
[32meth_getBlockByNumber[0m
[32meth_feeHistory[0m
[32meth_sendTransaction[0m
  Contract deployment: AIDecisionLogger
  Contract address:    0x0b306bf915c4d645ff596e518faf3f9669b97016
  Transaction:         0x0dc92c89ec5dc06a0fe3f30565e7c2db5166bd24cf47956b2f43543cefa8f881
  From:                0xf39fd6e51aad88f6f4ce6ab8827279cfffb92266
  Value:               0 ETH
  Gas used:            1952828 of 1952828
  Block #16:           0x269b40027e3fd3d8e1f151eb66a1f7134ea298119fea6938ccaa58413f8cbbb7

[32meth_chainId[0m
[32meth_getTransactionByHash[0m
[32meth_chainId[0m
[32meth_getTransactionReceipt[0m
[32meth_accounts[0m
[32meth_chainId[0m
[32meth_estimateGas[0m
[32meth_feeHistory[0m
[32meth_sendTransaction[0m
  Contract deployment: AEGISToken
  Contract address:    0x959922be3caee4b8cd9a407cc3ac1c251c2007b1
  Transaction:         0x7ee5ed590144aa711b29fed8f8982ab40fa72df468a13da0f5873446f13dbdf2
  From:                0xf39fd6e51aad88f6f4ce6ab8827279cfffb92266
  Value:               0 ETH
  Gas used:            2065344 of 2065344
  Block #17:           0x4d1db68d26f1bf034591a6f6be1285516da7b9e8df4d9c2b2685769ca58796b2

[32meth_chainId[0m
[32meth_getTransactionByHash[0m
[32meth_chainId[0m
[32meth_getTransactionReceipt[0m
[32meth_accounts[0m
[32meth_chainId[0m
[32meth_estimateGas[0m
[32meth_feeHistory[0m
[32meth_sendTransaction[0m
  Contract deployment: GovernanceVoting
  Contract address:    0x9a9f2ccfde556a7e9ff0848998aa4a0cfd8863ae
  Transaction:         0xa3a68c124d51fcf89049e2c6629d0913dc147fec5a8aceb8196806bbd0f9e4d1
  From:                0xf39fd6e51aad88f6f4ce6ab8827279cfffb92266
  Value:               0 ETH
  Gas used:            2305356 of 2305356
  Block #18:           0x3bda0b4ad85d550006574723aef5ccde163c1719ee9b252bd3280b3573d8e58d

[32meth_chainId[0m
[32meth_getTransactionByHash[0m
[32meth_chainId[0m
[32meth_getTransactionReceipt[0m
[32meth_accounts[0m
[32meth_chainId[0m
[32meth_estimateGas[0m
[32meth_feeHistory[0m
[32meth_sendTransaction[0m
  Contract deployment: JabulonCoin
  Contract address:    0x68b1d87f95878fe05b998f19b66f4baba5de1aed
  Transaction:         0x328358250b73bd2c206c6396dbc3559d13410216353f4563162765c14d0a34bc
  From:                0xf39fd6e51aad88f6f4ce6ab8827279cfffb92266
  Value:               0 ETH
  Gas used:            1959508 of 1959508
  Block #19:           0x14f4dbf66e3e3a7a812de6292cd951d0c957f17b6acb8fbc3679be68874e8b32

[32meth_chainId[0m
[32meth_getTransactionByHash[0m
[32meth_chainId[0m
[32meth_getTransactionReceipt[0m
[32meth_chainId[0m
[32meth_estimateGas[0m
[32meth_feeHistory[0m
[32meth_sendTransaction[0m
  Contract call:       JabulonCoin#setAEGISTokenAddress
  Transaction:         0x693cc70afa2306676c42d3c3cd7fb7b183b6453b3548f8ad928081f578a48185
  From:                0xf39fd6e51aad88f6f4ce6ab8827279cfffb92266
  To:                  0x68b1d87f95878fe05b998f19b66f4baba5de1aed
  Value:               0 ETH
  Gas used:            46356 of 46356
  Block #20:           0x2638c7c9fe800463de1b56f1d0e0bf05abb35c8117cbdd29f0f1328311bec464

[32meth_chainId[0m
[32meth_getTransactionByHash[0m
[32meth_chainId[0m
[32meth_call[0m
  Contract call:       AEGISToken#totalSupply
  From:                0xf39fd6e51aad88f6f4ce6ab8827279cfffb92266
  To:                  0x959922be3caee4b8cd9a407cc3ac1c251c2007b1

[32meth_chainId[0m
[32meth_call[0m
  Contract call:       JabulonCoin#totalSupply
  From:                0xf39fd6e51aad88f6f4ce6ab8827279cfffb92266
  To:                  0x68b1d87f95878fe05b998f19b66f4baba5de1aed

[32meth_chainId[0m
[32meth_call[0m
  Contract call:       AIDecisionLogger#LOGGER_ROLE
  From:                0xf39fd6e51aad88f6f4ce6ab8827279cfffb92266
  To:                  0x0b306bf915c4d645ff596e518faf3f9669b97016

[32meth_chainId[0m
[32meth_estimateGas[0m
[32meth_feeHistory[0m
[32meth_sendTransaction[0m
  Contract call:       AIDecisionLogger#grantRole
  Transaction:         0x65492a31b6a90a66f2f7b6d44e877d8657f47ce13e8d238664bac30235183e2e
  From:                0xf39fd6e51aad88f6f4ce6ab8827279cfffb92266
  To:                  0x0b306bf915c4d645ff596e518faf3f9669b97016
  Value:               0 ETH
  Gas used:            29278 of 29278
  Block #21:           0x667763f1b36e7e68a80e79d2e4607e7d527dcb664d48ad3cceff9d3af8083186

[32meth_chainId[0m
[32meth_getTransactionByHash[0m
[32meth_chainId[0m
[32meth_estimateGas[0m
[32meth_feeHistory[0m
[32meth_sendTransaction[0m
  Contract call:       AIDecisionLogger#logDecision
  Transaction:         0x152dabe36037a12f6bdcb9db44470086203beefa7331b9b1199ae1ded763e7e0
  From:                0xf39fd6e51aad88f6f4ce6ab8827279cfffb92266
  To:                  0x0b306bf915c4d645ff596e518faf3f9669b97016
  Value:               0 ETH
  Gas used:            195067 of 200400
  Block #22:           0x96e554f3a6d1aa3e3651d95d3e75068198f6d5aaa2362ab8d3b85dcbf42da8aa

[32meth_chainId[0m
[32meth_getTransactionByHash[0m
[32meth_chainId[0m
[32meth_getTransactionReceipt[0m
[32meth_chainId[0m
[32meth_call[0m
  Contract call:       AIDecisionLogger#getStatistics
  From:                0xf39fd6e51aad88f6f4ce6ab8827279cfffb92266
  To:                  0x0b306bf915c4d645ff596e518faf3f9669b97016

[32mweb3_clientVersion[0m
[32meth_chainId[0m
[32meth_blockNumber[0m
[32mweb3_clientVersion[0m
[32meth_chainId[0m
[32meth_blockNumber[0m
[32meth_chainId[0m
[32meth_accounts[0m
[32meth_call[0m
  Contract call:       AEGISToken#balanceOf
  From:                0xf39fd6e51aad88f6f4ce6ab8827279cfffb92266
  To:                  0x959922be3caee4b8cd9a407cc3ac1c251c2007b1

[32meth_chainId[0m
[32meth_chainId (2)[0m
[32meth_call[0m
  Contract call:       JabulonCoin#balanceOf
  From:                0xf39fd6e51aad88f6f4ce6ab8827279cfffb92266
  To:                  0x68b1d87f95878fe05b998f19b66f4baba5de1aed

[32meth_chainId[0m
[32meth_chainId (2)[0m
[32meth_call[0m
  Contract call:       AIDecisionLogger#getStatistics
  From:                0xf39fd6e51aad88f6f4ce6ab8827279cfffb92266
  To:                  0x0b306bf915c4d645ff596e518faf3f9669b97016

[32meth_chainId[0m
[32meth_getTransactionCount[0m
[32meth_gasPrice[0m
[32meth_chainId[0m
[32meth_chainId (2)[0m
[32meth_call[0m
  Contract call:       AIDecisionLogger#getStatistics
  From:                0xf39fd6e51aad88f6f4ce6ab8827279cfffb92266
  To:                  0x0b306bf915c4d645ff596e518faf3f9669b97016

[32meth_chainId[0m
[32mweb3_clientVersion[0m
[32meth_chainId[0m
[32meth_blockNumber[0m
[32meth_chainId[0m
[32meth_call[0m
  Contract call:       AEGISToken#balanceOf
  From:                0xf39fd6e51aad88f6f4ce6ab8827279cfffb92266
  To:                  0x959922be3caee4b8cd9a407cc3ac1c251c2007b1

[32meth_chainId[0m
[32meth_chainId (2)[0m
[32meth_call[0m
  Contract call:       JabulonCoin#balanceOf
  From:                0xf39fd6e51aad88f6f4ce6ab8827279cfffb92266
  To:                  0x68b1d87f95878fe05b998f19b66f4baba5de1aed

[32meth_chainId[0m
[32meth_chainId (2)[0m
[32meth_call[0m
  Contract call:       AIDecisionLogger#getStatistics
  From:                0xf39fd6e51aad88f6f4ce6ab8827279cfffb92266
  To:                  0x0b306bf915c4d645ff596e518faf3f9669b97016

[32meth_chainId[0m
[32meth_getTransactionCount[0m
[32meth_gasPrice[0m
[32meth_chainId[0m
[32meth_sendRawTransaction[0m
  Contract call:       AIDecisionLogger#logDecision
  Transaction:         0xf0d4203aca05499a2ec0053beb54716ca5f9473c79298a18fcbf9b013ca90120
  From:                0xf39fd6e51aad88f6f4ce6ab8827279cfffb92266
  To:                  0x0b306bf915c4d645ff596e518faf3f9669b97016
  Value:               0 ETH
  Gas used:            160915 of 200000
  Block #23:           0xae42a761c780fdd6a5e6e5c520fd20a4a7f9c05ffac30dd811771cc8af4339eb

[32meth_getTransactionReceipt[0m
[32meth_chainId[0m
[32meth_call[0m
  Contract call:       AIDecisionLogger#getStatistics
  From:                0xf39fd6e51aad88f6f4ce6ab8827279cfffb92266
  To:                  0x0b306bf915c4d645ff596e518faf3f9669b97016

[32meth_chainId[0m
